<?xml version="1.0" encoding="UTF-8"?>
<testsuite xmlns:xsi="http://www.w3.org/2001/XMLSchema-instance" xsi:noNamespaceSchemaLocation="https://maven.apache.org/surefire/maven-surefire-plugin/xsd/surefire-test-report.xsd" name="com.umbranium.AppTest" time="0.037" tests="2" errors="0" skipped="0" failures="0">
  <properties>
[...]
</properties>
  <testcase name="shouldAnswerWithTrue" classname="com.umbranium.AppTest" time="0.001"/>
  <testcase name="testClientServer" classname="com.umbranium.AppTest" time="0.018"/>
</testsuite>